d:\visual studio\trajangvs\program\glassvisionsystemv1.05\x64\debug\vc141.pdb
d:\visual studio\trajangvs\program\glassvisionsystemv1.05\x64\debug\productsettingsform.obj
d:\visual studio\trajangvs\program\glassvisionsystemv1.05\x64\debug\passwordform.obj
d:\visual studio\trajangvs\program\glassvisionsystemv1.05\x64\debug\myform.obj
d:\visual studio\trajangvs\program\glassvisionsystemv1.05\x64\debug\logpreviewform.obj
d:\visual studio\trajangvs\program\glassvisionsystemv1.05\x64\debug\logform.obj
d:\visual studio\trajangvs\program\glassvisionsystemv1.05\x64\debug\imagedisplay.obj
d:\visual studio\trajangvs\program\glassvisionsystemv1.05\x64\debug\structs.obj
d:\visual studio\trajangvs\program\glassvisionsystemv1.05\x64\debug\informationform.obj
d:\visual studio\trajangvs\program\glassvisionsystemv1.05\x64\debug\saveloadsettings.obj
d:\visual studio\trajangvs\program\glassvisionsystemv1.05\x64\debug\imagesettingsform.obj
d:\visual studio\trajangvs\program\glassvisionsystemv1.05\x64\debug\chutesettingsform.obj
d:\visual studio\trajangvs\program\glassvisionsystemv1.05\x64\debug\cameraform.obj
d:\visual studio\trajangvs\program\glassvisionsystemv1.05\x64\debug\.netframework,version=v4.6.1.assemblyattributes.obj
d:\visual studio\trajangvs\program\glassvisionsystemv1.05\x64\debug\.netframework,version=v4.6.1.assemblyattributes.asm
d:\visual studio\trajangvs\program\glassvisionsystemv1.05\x64\debug\glassvisionsystemv105.cameraform.resources
d:\visual studio\trajangvs\program\glassvisionsystemv1.05\x64\debug\glassvisionsystemv105.chutesettingsform.resources
d:\visual studio\trajangvs\program\glassvisionsystemv1.05\x64\debug\glassvisionsystemv105.imagesettingsform.resources
d:\visual studio\trajangvs\program\glassvisionsystemv1.05\x64\debug\glassvisionsystemv105.informationform.resources
d:\visual studio\trajangvs\program\glassvisionsystemv1.05\x64\debug\glassvisionsystemv105.logform.resources
d:\visual studio\trajangvs\program\glassvisionsystemv1.05\x64\debug\glassvisionsystemv105.logpreviewform.resources
d:\visual studio\trajangvs\program\glassvisionsystemv1.05\x64\debug\glassvisionsystemv105.myform.resources
d:\visual studio\trajangvs\program\glassvisionsystemv1.05\x64\debug\glassvisionsystemv105.passwordform.resources
d:\visual studio\trajangvs\program\glassvisionsystemv1.05\x64\debug\glassvisionsystemv105.productsettingsform.resources
d:\visual studio\trajangvs\program\x64\debug\glassvisionsystemv1.05.exe
d:\visual studio\trajangvs\program\x64\debug\glassvisionsystemv1.05.pdb
d:\visual studio\trajangvs\program\glassvisionsystemv1.05\x64\debug\glassvisionsystemv1.05.vcxproj.generateresource.cache
d:\visual studio\trajangvs\program\glassvisionsystemv1.05\x64\debug\glassvisionsystemv1.05.vcxprojassemblyreference.cache
d:\visual studio\trajangvs\program\glassvisionsystemv1.05\x64\debug\glassvis.823c8875.tlog\cl.command.1.tlog
d:\visual studio\trajangvs\program\glassvisionsystemv1.05\x64\debug\glassvis.823c8875.tlog\cl.read.1.tlog
d:\visual studio\trajangvs\program\glassvisionsystemv1.05\x64\debug\glassvis.823c8875.tlog\cl.write.1.tlog
d:\visual studio\trajangvs\program\glassvisionsystemv1.05\x64\debug\glassvis.823c8875.tlog\glassvisionsystemv1.05.write.1u.tlog
d:\visual studio\trajangvs\program\glassvisionsystemv1.05\x64\debug\glassvis.823c8875.tlog\link.command.1.tlog
d:\visual studio\trajangvs\program\glassvisionsystemv1.05\x64\debug\glassvis.823c8875.tlog\link.read.1.tlog
d:\visual studio\trajangvs\program\glassvisionsystemv1.05\x64\debug\glassvis.823c8875.tlog\link.write.1.tlog
d:\visual studio\trajangvs\program\glassvisionsystemv1.05\x64\debug\glassvis.823c8875.tlog\metagen.read.1.tlog
d:\visual studio\trajangvs\program\glassvisionsystemv1.05\x64\debug\glassvis.823c8875.tlog\metagen.write.1.tlog
