118,7,23,4,21,7,4;Owner;System Launched by Owner;No System Logs Exist, Log File Cannot be found.
118,7,23,4,21,14,4;Owner;System Launched by Owner;Opening Camera: CamA On Port Number: '0'  using OpenCV Method worked Successfully
118,7,23,4,21,14,4;Owner;System Launched by Owner;Opening Camera: CamB On Port Number: '1'  using OpenCV Method Failed
118,7,23,4,21,58,4;Owner;Owner Exiting Application;Form Shutting Down
118,7,23,6,41,51,4;Owner;System Launched by Owner;Failed Loading CamB: Failed to open device '\\?\usb#vid_2676&pid_ba02&mi_00#6&3a62cfe4&0&0000#{79bfeeca-947f-11e1-bc58-001b2163ef96}' for XML file download. Error: 'Device is exclusively opened by another client.'
118,7,23,6,41,51,4;Owner;System Launched by Owner;Opening Camera: CamB On Port Number: '1'  using OpenCV Method Failed
118,7,23,7,4,33,4;Owner;System Launched by Owner;Failed Loading CamB: Failed to open device '\\?\usb#vid_2676&pid_ba02&mi_00#6&3a62cfe4&0&0000#{79bfeeca-947f-11e1-bc58-001b2163ef96}' for XML file download. Error: 'Device is exclusively opened by another client.'
118,7,23,7,4,33,4;Owner;System Launched by Owner;Opening Camera: CamB On Port Number: '1'  using OpenCV Method Failed
118,7,23,7,14,47,4;Owner;System Launched by Owner;Failed Loading CamB: Failed to open device '\\?\usb#vid_2676&pid_ba02&mi_00#6&3a62cfe4&0&0000#{79bfeeca-947f-11e1-bc58-001b2163ef96}' for XML file download. Error: 'Device is exclusively opened by another client.'
118,7,23,7,14,47,4;Owner;System Launched by Owner;Opening Camera: CamB On Port Number: '1'  using OpenCV Method Failed
118,7,23,7,31,10,4;Owner;System Launched by Owner;Failed Loading CamB: Failed to open device '\\?\usb#vid_2676&pid_ba02&mi_00#6&3a62cfe4&0&0000#{79bfeeca-947f-11e1-bc58-001b2163ef96}' for XML file download. Error: 'Device is exclusively opened by another client.'
118,7,23,7,31,10,4;Owner;System Launched by Owner;Opening Camera: CamB On Port Number: '1'  using OpenCV Method Failed
118,7,23,14,57,38,4;Owner;System Launched by Owner;Failed Loading CamB: Failed to open device '\\?\usb#vid_2676&pid_ba02&mi_00#6&3a62cfe4&0&0000#{79bfeeca-947f-11e1-bc58-001b2163ef96}' for XML file download. Error: 'Device is exclusively opened by another client.'
118,7,23,14,57,38,4;Owner;System Launched by Owner;Opening Camera: CamB On Port Number: '1'  using OpenCV Method Failed
118,7,23,14,58,13,4;Owner;System Launched by Owner;Failed Loading CamB: Failed to open device '\\?\usb#vid_2676&pid_ba02&mi_00#6&3a62cfe4&0&0000#{79bfeeca-947f-11e1-bc58-001b2163ef96}' for XML file download. Error: 'Device is exclusively opened by another client.'
118,7,23,14,58,13,4;Owner;System Launched by Owner;Opening Camera: CamB On Port Number: '1'  using OpenCV Method Failed
118,7,23,14,59,0,4;Owner;System Launched by Owner;Failed Loading CamB: Failed to open device '\\?\usb#vid_2676&pid_ba02&mi_00#6&3a62cfe4&0&0000#{79bfeeca-947f-11e1-bc58-001b2163ef96}' for XML file download. Error: 'Device is exclusively opened by another client.'
118,7,23,14,59,0,4;Owner;System Launched by Owner;Opening Camera: CamB On Port Number: '1'  using OpenCV Method Failed
118,7,23,15,1,41,4;Owner;System Launched by Owner;Failed Loading CamB: Failed to open device '\\?\usb#vid_2676&pid_ba02&mi_00#6&3a62cfe4&0&0000#{79bfeeca-947f-11e1-bc58-001b2163ef96}' for XML file download. Error: 'Device is exclusively opened by another client.'
118,7,23,15,1,41,4;Owner;System Launched by Owner;Opening Camera: CamB On Port Number: '1'  using OpenCV Method Failed
118,7,23,15,5,22,4;Owner;System Launched by Owner;Failed Loading CamB: Failed to open device '\\?\usb#vid_2676&pid_ba02&mi_00#6&3a62cfe4&0&0000#{79bfeeca-947f-11e1-bc58-001b2163ef96}' for XML file download. Error: 'Device is exclusively opened by another client.'
118,7,23,15,5,22,4;Owner;System Launched by Owner;Opening Camera: CamB On Port Number: '1'  using OpenCV Method Failed
118,7,23,15,8,40,4;Owner;System Launched by Owner;Failed Loading CamB: Failed to open device '\\?\usb#vid_2676&pid_ba02&mi_00#6&3a62cfe4&0&0000#{79bfeeca-947f-11e1-bc58-001b2163ef96}' for XML file download. Error: 'Device is exclusively opened by another client.'
118,7,23,15,8,40,4;Owner;System Launched by Owner;Opening Camera: CamB On Port Number: '1'  using OpenCV Method Failed
118,7,23,15,25,36,4;user;System Launched by user;Failed Loading CamA: No device is available or no device contains the provided device info properties.
118,7,23,15,25,36,4;user;System Launched by user;Opening Camera: CamA On Port Number: '0'  using OpenCV Method worked Successfully
118,7,23,15,25,37,4;user;System Launched by user;Failed Loading CamB: No device is available or no device contains the provided device info properties.
118,7,23,15,25,37,4;user;System Launched by user;Opening Camera: CamB On Port Number: '1'  using OpenCV Method Failed
118,7,23,15,34,35,4;Owner;System Launched by Owner;Failed Loading CamB: Failed to open device '\\?\usb#vid_2676&pid_ba02&mi_00#6&3a62cfe4&0&0000#{79bfeeca-947f-11e1-bc58-001b2163ef96}' for XML file download. Error: 'Device is exclusively opened by another client.'
118,7,23,15,34,35,4;Owner;System Launched by Owner;Opening Camera: CamB On Port Number: '1'  using OpenCV Method Failed
118,7,23,15,37,46,4;Owner;System Launched by Owner;Failed Loading CamB: Failed to open device '\\?\usb#vid_2676&pid_ba02&mi_00#6&3a62cfe4&0&0000#{79bfeeca-947f-11e1-bc58-001b2163ef96}' for XML file download. Error: 'Device is exclusively opened by another client.'
118,7,23,15,37,46,4;Owner;System Launched by Owner;Opening Camera: CamB On Port Number: '1'  using OpenCV Method Failed
118,7,23,15,46,18,4;Owner;System Launched by Owner;Failed Loading CamB: Failed to open device '\\?\usb#vid_2676&pid_ba02&mi_00#6&3a62cfe4&0&0000#{79bfeeca-947f-11e1-bc58-001b2163ef96}' for XML file download. Error: 'Device is exclusively opened by another client.'
118,7,23,15,46,18,4;Owner;System Launched by Owner;Opening Camera: CamB On Port Number: '1'  using OpenCV Method Failed
118,7,23,15,46,56,4;Owner;System Launched by Owner;Failed Loading CamB: Failed to open device '\\?\usb#vid_2676&pid_ba02&mi_00#6&3a62cfe4&0&0000#{79bfeeca-947f-11e1-bc58-001b2163ef96}' for XML file download. Error: 'Device is exclusively opened by another client.'
118,7,23,15,46,56,4;Owner;System Launched by Owner;Opening Camera: CamB On Port Number: '1'  using OpenCV Method Failed
118,7,23,15,50,21,4;Owner;System Launched by Owner;Failed Loading CamB: Failed to open device '\\?\usb#vid_2676&pid_ba02&mi_00#6&3a62cfe4&0&0000#{79bfeeca-947f-11e1-bc58-001b2163ef96}' for XML file download. Error: 'Device is exclusively opened by another client.'
118,7,23,15,50,21,4;Owner;System Launched by Owner;Opening Camera: CamB On Port Number: '1'  using OpenCV Method Failed
118,7,23,15,53,22,4;Owner;System Launched by Owner;Failed Loading CamB: Failed to open device '\\?\usb#vid_2676&pid_ba02&mi_00#6&3a62cfe4&0&0000#{79bfeeca-947f-11e1-bc58-001b2163ef96}' for XML file download. Error: 'Device is exclusively opened by another client.'
118,7,23,15,53,22,4;Owner;System Launched by Owner;Opening Camera: CamB On Port Number: '1'  using OpenCV Method Failed
118,7,23,15,55,23,4;Owner;System Launched by Owner;Failed Loading CamB: Failed to open device '\\?\usb#vid_2676&pid_ba02&mi_00#6&3a62cfe4&0&0000#{79bfeeca-947f-11e1-bc58-001b2163ef96}' for XML file download. Error: 'Device is exclusively opened by another client.'
118,7,23,15,55,23,4;Owner;System Launched by Owner;Opening Camera: CamB On Port Number: '1'  using OpenCV Method Failed
118,7,23,15,56,6,4;Owner;System Launched by Owner;Failed Loading CamB: Failed to open device '\\?\usb#vid_2676&pid_ba02&mi_00#6&3a62cfe4&0&0000#{79bfeeca-947f-11e1-bc58-001b2163ef96}' for XML file download. Error: 'Device is exclusively opened by another client.'
118,7,23,15,56,6,4;Owner;System Launched by Owner;Opening Camera: CamB On Port Number: '1'  using OpenCV Method Failed
118,7,23,15,56,57,4;Owner;System Launched by Owner;Failed Loading CamB: Failed to open device '\\?\usb#vid_2676&pid_ba02&mi_00#6&3a62cfe4&0&0000#{79bfeeca-947f-11e1-bc58-001b2163ef96}' for XML file download. Error: 'Device is exclusively opened by another client.'
118,7,23,15,56,57,4;Owner;System Launched by Owner;Opening Camera: CamB On Port Number: '1'  using OpenCV Method Failed
118,7,23,15,58,47,4;Owner;System Launched by Owner;Failed Loading CamB: Failed to open device '\\?\usb#vid_2676&pid_ba02&mi_00#6&3a62cfe4&0&0000#{79bfeeca-947f-11e1-bc58-001b2163ef96}' for XML file download. Error: 'Device is exclusively opened by another client.'
118,7,23,15,58,47,4;Owner;System Launched by Owner;Opening Camera: CamB On Port Number: '1'  using OpenCV Method Failed
118,7,23,16,11,23,4;Owner;System Launched by Owner;Failed Loading CamB: Failed to open device '\\?\usb#vid_2676&pid_ba02&mi_00#6&3a62cfe4&0&0000#{79bfeeca-947f-11e1-bc58-001b2163ef96}' for XML file download. Error: 'Device is exclusively opened by another client.'
118,7,23,16,11,23,4;Owner;System Launched by Owner;Opening Camera: CamB On Port Number: '1'  using OpenCV Method Failed
118,7,23,16,15,54,4;Owner;System Launched by Owner;Failed Loading CamB: Failed to open device '\\?\usb#vid_2676&pid_ba02&mi_00#6&3a62cfe4&0&0000#{79bfeeca-947f-11e1-bc58-001b2163ef96}' for XML file download. Error: 'Device is exclusively opened by another client.'
118,7,23,16,15,54,4;Owner;System Launched by Owner;Opening Camera: CamB On Port Number: '1'  using OpenCV Method Failed
118,7,23,16,21,16,4;Owner;System Launched by Owner;Failed Loading CamB: Failed to open device '\\?\usb#vid_2676&pid_ba02&mi_00#6&3a62cfe4&0&0000#{79bfeeca-947f-11e1-bc58-001b2163ef96}' for XML file download. Error: 'Device is exclusively opened by another client.'
118,7,23,16,21,16,4;Owner;System Launched by Owner;Opening Camera: CamB On Port Number: '1'  using OpenCV Method Failed
118,7,23,16,21,47,4;Owner;System Launched by Owner;Failed Loading CamB: Failed to open device '\\?\usb#vid_2676&pid_ba02&mi_00#6&3a62cfe4&0&0000#{79bfeeca-947f-11e1-bc58-001b2163ef96}' for XML file download. Error: 'Device is exclusively opened by another client.'
118,7,23,16,21,47,4;Owner;System Launched by Owner;Opening Camera: CamB On Port Number: '1'  using OpenCV Method Failed
118,7,23,16,22,48,4;Owner;System Launched by Owner;Failed Loading CamB: Failed to open device '\\?\usb#vid_2676&pid_ba02&mi_00#6&3a62cfe4&0&0000#{79bfeeca-947f-11e1-bc58-001b2163ef96}' for XML file download. Error: 'Device is exclusively opened by another client.'
118,7,23,16,22,48,4;Owner;System Launched by Owner;Opening Camera: CamB On Port Number: '1'  using OpenCV Method Failed
118,7,23,16,24,24,4;Owner;System Launched by Owner;Failed Loading CamB: Failed to open device '\\?\usb#vid_2676&pid_ba02&mi_00#6&3a62cfe4&0&0000#{79bfeeca-947f-11e1-bc58-001b2163ef96}' for XML file download. Error: 'Device is exclusively opened by another client.'
118,7,23,16,24,24,4;Owner;System Launched by Owner;Opening Camera: CamB On Port Number: '1'  using OpenCV Method Failed
118,7,23,16,44,2,4;Owner;System Launched by Owner;Failed Loading CamA: Failed to open device '\\?\usb#vid_2676&pid_ba02&mi_00#6&3a62cfe4&0&0000#{79bfeeca-947f-11e1-bc58-001b2163ef96}' for XML file download. Error: 'Device is exclusively opened by another client.'
118,7,23,16,44,5,4;Owner;System Launched by Owner;Opening Camera: CamA On Port Number: '0'  using OpenCV Method Failed
118,7,23,16,44,7,4;Owner;System Launched by Owner;Failed Loading CamB: Failed to open device '\\?\usb#vid_2676&pid_ba02&mi_00#6&3a62cfe4&0&0000#{79bfeeca-947f-11e1-bc58-001b2163ef96}' for XML file download. Error: 'Device is exclusively opened by another client.'
118,7,23,16,44,7,4;Owner;System Launched by Owner;Opening Camera: CamB On Port Number: '1'  using OpenCV Method Failed
118,7,23,16,44,37,4;Owner;System Launched by Owner;Failed Loading CamB: Failed to open device '\\?\usb#vid_2676&pid_ba02&mi_00#6&3a62cfe4&0&0000#{79bfeeca-947f-11e1-bc58-001b2163ef96}' for XML file download. Error: 'Device is exclusively opened by another client.'
118,7,23,16,44,37,4;Owner;System Launched by Owner;Opening Camera: CamB On Port Number: '1'  using OpenCV Method Failed
118,7,23,16,45,52,4;Owner;Owner Attempted to access Camera Settings Interface;Correct Password Was Entered on attempt #1, Proceeding to display UI for Owner
118,7,23,16,50,12,4;Owner;System Launched by Owner;Failed Loading CamB: Failed to open device '\\?\usb#vid_2676&pid_ba02&mi_00#6&3a62cfe4&0&0000#{79bfeeca-947f-11e1-bc58-001b2163ef96}' for XML file download. Error: 'Device is exclusively opened by another client.'
118,7,23,16,50,12,4;Owner;System Launched by Owner;Opening Camera: CamB On Port Number: '1'  using OpenCV Method Failed
118,7,23,17,6,11,4;Owner;Owner Attempted to access Camera Settings Interface;Correct Password Was Entered on attempt #1, Proceeding to display UI for Owner
118,7,23,17,52,2,4;user;System Launched by user;Failed Loading CamA: No device is available or no device contains the provided device info properties.
118,7,23,17,52,3,4;user;System Launched by user;Opening Camera: CamA On Port Number: '0'  using OpenCV Method worked Successfully
118,7,23,17,52,3,4;user;System Launched by user;Failed Loading CamB: No device is available or no device contains the provided device info properties.
118,7,23,17,52,3,4;user;System Launched by user;Opening Camera: CamB On Port Number: '1'  using OpenCV Method Failed
118,7,23,17,52,59,4;user;System Launched by user;Failed Loading CamA: No device is available or no device contains the provided device info properties.
118,7,23,17,53,0,4;user;System Launched by user;Opening Camera: CamA On Port Number: '0'  using OpenCV Method worked Successfully
118,7,23,17,53,0,4;user;System Launched by user;Failed Loading CamB: No device is available or no device contains the provided device info properties.
118,7,23,17,53,0,4;user;System Launched by user;Opening Camera: CamB On Port Number: '1'  using OpenCV Method Failed
118,7,23,17,53,13,4;user;user Attempted to access Camera Settings Interface;Correct Password Was Entered on attempt #1, Proceeding to display UI for user
118,7,23,18,11,40,4;user;System Launched by user;Failed Loading CamA: No device is available or no device contains the provided device info properties.
118,7,23,18,11,41,4;user;System Launched by user;Opening Camera: CamA On Port Number: '0'  using OpenCV Method worked Successfully
118,7,23,18,11,41,4;user;System Launched by user;Failed Loading CamB: No device is available or no device contains the provided device info properties.
118,7,23,18,11,41,4;user;System Launched by user;Opening Camera: CamB On Port Number: '1'  using OpenCV Method Failed
118,7,23,18,11,47,4;user;user Attempted to access Camera Settings Interface;Correct Password Was Entered on attempt #1, Proceeding to display UI for user
118,7,23,18,12,2,4;user;user Attempted to access Camera Settings Interface;Correct Password Was Entered on attempt #1, Proceeding to display UI for user
118,7,23,18,13,43,4;user;user Attempted to access Camera Settings Interface;Correct Password Was Entered on attempt #1, Proceeding to display UI for user
118,7,23,18,15,29,4;user;System Launched by user;Failed Loading CamA: No device is available or no device contains the provided device info properties.
118,7,23,18,15,30,4;user;System Launched by user;Opening Camera: CamA On Port Number: '0'  using OpenCV Method worked Successfully
118,7,23,18,15,30,4;user;System Launched by user;Failed Loading CamB: No device is available or no device contains the provided device info properties.
118,7,23,18,15,30,4;user;System Launched by user;Opening Camera: CamB On Port Number: '1'  using OpenCV Method Failed
118,7,23,18,15,37,4;user;user Attempted to access Camera Settings Interface;Correct Password Was Entered on attempt #1, Proceeding to display UI for user
118,7,23,18,15,52,4;user;user Exiting Application;Form Shutting Down
118,7,23,18,16,8,4;user;System Launched by user;Failed Loading CamA: No device is available or no device contains the provided device info properties.
118,7,23,18,16,9,4;user;System Launched by user;Opening Camera: CamA On Port Number: '0'  using OpenCV Method worked Successfully
118,7,23,18,16,9,4;user;System Launched by user;Failed Loading CamB: No device is available or no device contains the provided device info properties.
118,7,23,18,16,9,4;user;System Launched by user;Opening Camera: CamB On Port Number: '1'  using OpenCV Method Failed
118,7,23,18,16,13,4;user;user Attempted to access Camera Settings Interface;Correct Password Was Entered on attempt #1, Proceeding to display UI for user
118,7,23,18,16,24,4;user;user Exiting Application;Form Shutting Down
